0 info it worked if it ends with ok
1 verbose cli [ 'C:\\Program Files (x86)\\Nodist\\v\\nodev5.7.1\\node.exe',
1 verbose cli   'C:\\Program Files (x86)\\Nodist\\bin\\node_modules\\npm\\bin\\npm-cli.js',
1 verbose cli   'start' ]
2 info using npm@4.0.2
3 info using node@v5.7.1
4 verbose run-script [ 'prestart', 'start', 'poststart' ]
5 info lifecycle myapp2@0.0.0~prestart: myapp2@0.0.0
6 warn lifecycle The node binary used for scripts is C:\Program Files (x86)\Nodist\bin\node.exe but npm is using C:\Program Files (x86)\Nodist\v\nodev5.7.1\node.exe itself. Use the `--scripts-prepend-node-path` option to include the path for the node binary npm was executed with.
7 silly lifecycle myapp2@0.0.0~prestart: no script for prestart, continuing
8 info lifecycle myapp2@0.0.0~start: myapp2@0.0.0
9 verbose lifecycle myapp2@0.0.0~start: unsafe-perm in lifecycle true
10 verbose lifecycle myapp2@0.0.0~start: PATH: C:\Program Files (x86)\Nodist\bin\node_modules\npm\bin\node-gyp-bin;C:\Users\kawamoto\myapp2\node_modules\.bin;C:\WINDOWS\system32;C:\WINDOWS;C:\WINDOWS\System32\Wbem;C:\WINDOWS\System32\WindowsPowerShell\v1.0\;C:\Program Files\Microsoft SQL Server\120\Tools\Binn\;C:\Program Files\Microsoft\Web Platform Installer\;C:\Program Files\Microsoft SQL Server\130\Tools\Binn\;C:\Program Files (x86)\Windows Kits\10\Windows Performance Toolkit\;C:\Program Files (x86)\Microsoft Emulator Manager\1.0\;C:\Program Files\Git\cmd;C:\Go\bin;%SystemRoot%\system32;%SystemRoot%;%SystemRoot%\System32\Wbem;%SYSTEMROOT%\System32\WindowsPowerShell\v1.0\;C:\Users\kawamoto\Anaconda3;C:\Users\kawamoto\Anaconda3\Scripts;C:\Users\kawamoto\Anaconda3\Library\bin;C:\Program Files (x86)\Microsoft VS Code\bin;C:\Users\kawamoto\AppData\Roaming\npm;C:\Program Files\Docker Toolbox;C:\Program Files\Java\jdk1.8.0_72\bin;C:\Program Files (x86)\Nodist\bin;C:\Chocolatey\lib\activator.1.2.12\tools;C:\Users\kawamoto\Go\bin;%USERPROFILE%\AppData\Local\Microsoft\WindowsApps;
11 verbose lifecycle myapp2@0.0.0~start: CWD: C:\Users\kawamoto\myapp2
12 silly lifecycle myapp2@0.0.0~start: Args: [ '/d /s /c', 'node ./bin/www' ]
13 silly lifecycle myapp2@0.0.0~start: Returned: code: 1  signal: null
14 info lifecycle myapp2@0.0.0~start: Failed to exec start script
15 verbose stack Error: myapp2@0.0.0 start: `node ./bin/www`
15 verbose stack Exit status 1
15 verbose stack     at EventEmitter.<anonymous> (C:\Program Files (x86)\Nodist\bin\node_modules\npm\lib\utils\lifecycle.js:279:16)
15 verbose stack     at emitTwo (events.js:100:13)
15 verbose stack     at EventEmitter.emit (events.js:185:7)
15 verbose stack     at ChildProcess.<anonymous> (C:\Program Files (x86)\Nodist\bin\node_modules\npm\lib\utils\spawn.js:40:14)
15 verbose stack     at emitTwo (events.js:100:13)
15 verbose stack     at ChildProcess.emit (events.js:185:7)
15 verbose stack     at maybeClose (internal/child_process.js:827:16)
15 verbose stack     at Process.ChildProcess._handle.onexit (internal/child_process.js:211:5)
16 verbose pkgid myapp2@0.0.0
17 verbose cwd C:\Users\kawamoto\myapp2
18 error Windows_NT 10.0.14393
19 error argv "C:\\Program Files (x86)\\Nodist\\v\\nodev5.7.1\\node.exe" "C:\\Program Files (x86)\\Nodist\\bin\\node_modules\\npm\\bin\\npm-cli.js" "start"
20 error node v5.7.1
21 error npm  v4.0.2
22 error code ELIFECYCLE
23 error myapp2@0.0.0 start: `node ./bin/www`
23 error Exit status 1
24 error Failed at the myapp2@0.0.0 start script 'node ./bin/www'.
24 error Make sure you have the latest version of node.js and npm installed.
24 error If you do, this is most likely a problem with the myapp2 package,
24 error not with npm itself.
24 error Tell the author that this fails on your system:
24 error     node ./bin/www
24 error You can get information on how to open an issue for this project with:
24 error     npm bugs myapp2
24 error Or if that isn't available, you can get their info via:
24 error     npm owner ls myapp2
24 error There is likely additional logging output above.
25 verbose exit [ 1, true ]
